Traceback (most recent call last):
  File "/fast/@runtime/bio/conda/envs/cli/lib/python3.10/pathlib.py", line 1175, in mkdir
    self._accessor.mkdir(self, mode)
FileNotFoundError: [Errno 2] No such file or directory: '/bio/rawdata'

During handling of the above exception, another exception occurred:

Traceback (most recent call last):
  File "/home/hrply/software/bioscience/research/biodata_manager/app/server.py", line 1137, in <module>
    run_server(port)
  File "/home/hrply/software/bioscience/research/biodata_manager/app/server.py", line 1116, in run_server
    RAW_DATA_DIR.mkdir(parents=True, exist_ok=True)
  File "/fast/@runtime/bio/conda/envs/cli/lib/python3.10/pathlib.py", line 1179, in mkdir
    self.parent.mkdir(parents=True, exist_ok=True)
  File "/fast/@runtime/bio/conda/envs/cli/lib/python3.10/pathlib.py", line 1175, in mkdir
    self._accessor.mkdir(self, mode)
PermissionError: [Errno 13] Permission denied: '/bio'
